[2025-04-23T01:00:38.626964+00:00] admin_statistics.INFO: Pimcore\Bundle\AdminBundle\Controller\Admin\NotificationController::findLastUnreadAction [2,"pimcore_admin_notification_findlastunread",[],{"lastUpdate":"1745370008"}] []
[2025-04-23T01:00:54.856208+00:00] admin_statistics.INFO: Pimcore\Bundle\AdminBundle\Controller\Admin\ElementController::unlockElementAction [2,"pimcore_admin_element_unlockelement",[],{"id":"1","type":"document"}] []
[2025-04-23T01:00:54.873415+00:00] admin_statistics.INFO: Pimcore\Bundle\AdminBundle\Controller\Admin\Document\PageController::removeFromSessionAction [2,"pimcore_admin_document_page_removefromsession",[],{"id":"1"}] []
[2025-04-23T01:00:55.347121+00:00] admin_statistics.INFO: Pimcore\Bundle\AdminBundle\Controller\Admin\Document\PageController::getDataByIdAction [2,"pimcore_admin_document_page_getdatabyid",[],{"id":"1"}] []
[2025-04-23T01:00:55.681039+00:00] admin_statistics.INFO: Pimcore\Bundle\AdminBundle\Controller\Admin\MiscController::jsonTranslationsSystemAction [2,"pimcore_admin_misc_jsontranslationssystem",[],{"language":"en"}] []
[2025-04-23T01:00:56.088073+00:00] admin_statistics.INFO: Pimcore\Bundle\AdminBundle\Controller\Admin\Asset\AssetController::getImageThumbnailAction [2,"pimcore_admin_asset_getimagethumbnail",[],{"id":"57","alt":"","cropPercent":"false","cropWidth":"0","cropHeight":"0","cropTop":"0","cropLeft":"0","height":"undefined","pimcore_editmode":"1"}] []
[2025-04-23T01:00:56.169297+00:00] admin_statistics.INFO: Pimcore\Bundle\AdminBundle\Controller\Admin\Asset\AssetController::getImageThumbnailAction [2,"pimcore_admin_asset_getimagethumbnail",[],{"id":"64","alt":"","cropPercent":"false","cropWidth":"0","cropHeight":"0","cropTop":"0","cropLeft":"0","thumbnail":"content","height":"undefined","pimcore_editmode":"1"}] []
[2025-04-23T01:01:08.629533+00:00] admin_statistics.INFO: Pimcore\Bundle\AdminBundle\Controller\Admin\NotificationController::findLastUnreadAction [2,"pimcore_admin_notification_findlastunread",[],{"lastUpdate":"1745370038"}] []
[2025-04-23T01:01:15.149240+00:00] admin_statistics.INFO: Pimcore\Bundle\AdminBundle\Controller\Admin\Document\PageController::removeFromSessionAction [2,"pimcore_admin_document_page_removefromsession",[],{"id":"1"}] []
[2025-04-23T01:01:15.163362+00:00] admin_statistics.INFO: Pimcore\Bundle\AdminBundle\Controller\Admin\ElementController::unlockElementAction [2,"pimcore_admin_element_unlockelement",[],{"id":"1","type":"document"}] []
[2025-04-23T01:01:15.640726+00:00] admin_statistics.INFO: Pimcore\Bundle\AdminBundle\Controller\Admin\Document\PageController::getDataByIdAction [2,"pimcore_admin_document_page_getdatabyid",[],{"id":"1"}] []
[2025-04-23T01:01:15.992262+00:00] admin_statistics.INFO: Pimcore\Bundle\AdminBundle\Controller\Admin\MiscController::jsonTranslationsSystemAction [2,"pimcore_admin_misc_jsontranslationssystem",[],{"language":"en"}] []
[2025-04-23T01:01:16.421822+00:00] admin_statistics.INFO: Pimcore\Bundle\AdminBundle\Controller\Admin\Asset\AssetController::getImageThumbnailAction [2,"pimcore_admin_asset_getimagethumbnail",[],{"id":"57","alt":"","cropPercent":"false","cropWidth":"0","cropHeight":"0","cropTop":"0","cropLeft":"0","height":"undefined","pimcore_editmode":"1"}] []
[2025-04-23T01:01:16.457432+00:00] admin_statistics.INFO: Pimcore\Bundle\AdminBundle\Controller\Admin\Asset\AssetController::getImageThumbnailAction [2,"pimcore_admin_asset_getimagethumbnail",[],{"id":"64","alt":"","cropPercent":"false","cropWidth":"0","cropHeight":"0","cropTop":"0","cropLeft":"0","thumbnail":"content","height":"undefined","pimcore_editmode":"1"}] []
[2025-04-23T01:01:38.629359+00:00] admin_statistics.INFO: Pimcore\Bundle\AdminBundle\Controller\Admin\NotificationController::findLastUnreadAction [2,"pimcore_admin_notification_findlastunread",[],{"lastUpdate":"1745370068"}] []
[2025-04-23T01:02:07.292488+00:00] admin_statistics.INFO: Pimcore\Bundle\AdminBundle\Controller\Admin\ElementController::unlockElementAction [2,"pimcore_admin_element_unlockelement",[],{"id":"1","type":"document"}] []
[2025-04-23T01:02:07.309248+00:00] admin_statistics.INFO: Pimcore\Bundle\AdminBundle\Controller\Admin\Document\PageController::removeFromSessionAction [2,"pimcore_admin_document_page_removefromsession",[],{"id":"1"}] []
[2025-04-23T01:02:07.787499+00:00] admin_statistics.INFO: Pimcore\Bundle\AdminBundle\Controller\Admin\Document\PageController::getDataByIdAction [2,"pimcore_admin_document_page_getdatabyid",[],{"id":"1"}] []
[2025-04-23T01:02:08.151089+00:00] admin_statistics.INFO: Pimcore\Bundle\AdminBundle\Controller\Admin\MiscController::jsonTranslationsSystemAction [2,"pimcore_admin_misc_jsontranslationssystem",[],{"language":"en"}] []
[2025-04-23T01:02:08.595123+00:00] admin_statistics.INFO: Pimcore\Bundle\AdminBundle\Controller\Admin\Asset\AssetController::getImageThumbnailAction [2,"pimcore_admin_asset_getimagethumbnail",[],{"id":"57","alt":"","cropPercent":"false","cropWidth":"0","cropHeight":"0","cropTop":"0","cropLeft":"0","height":"undefined","pimcore_editmode":"1"}] []
[2025-04-23T01:02:08.616886+00:00] admin_statistics.INFO: Pimcore\Bundle\AdminBundle\Controller\Admin\Asset\AssetController::getImageThumbnailAction [2,"pimcore_admin_asset_getimagethumbnail",[],{"id":"64","alt":"","cropPercent":"false","cropWidth":"0","cropHeight":"0","cropTop":"0","cropLeft":"0","thumbnail":"content","height":"undefined","pimcore_editmode":"1"}] []
[2025-04-23T01:02:08.663148+00:00] admin_statistics.INFO: Pimcore\Bundle\AdminBundle\Controller\Admin\NotificationController::findLastUnreadAction [2,"pimcore_admin_notification_findlastunread",[],{"lastUpdate":"1745370098"}] []
[2025-04-23T01:02:38.630899+00:00] admin_statistics.INFO: Pimcore\Bundle\AdminBundle\Controller\Admin\NotificationController::findLastUnreadAction [2,"pimcore_admin_notification_findlastunread",[],{"lastUpdate":"1745370128"}] []
[2025-04-23T01:03:06.619384+00:00] admin_statistics.INFO: Pimcore\Bundle\AdminBundle\Controller\Admin\ElementController::unlockElementAction [2,"pimcore_admin_element_unlockelement",[],{"id":"1","type":"document"}] []
[2025-04-23T01:03:06.637142+00:00] admin_statistics.INFO: Pimcore\Bundle\AdminBundle\Controller\Admin\Document\PageController::removeFromSessionAction [2,"pimcore_admin_document_page_removefromsession",[],{"id":"1"}] []
[2025-04-23T01:03:07.120016+00:00] admin_statistics.INFO: Pimcore\Bundle\AdminBundle\Controller\Admin\Document\PageController::getDataByIdAction [2,"pimcore_admin_document_page_getdatabyid",[],{"id":"1"}] []
[2025-04-23T01:03:07.465809+00:00] admin_statistics.INFO: Pimcore\Bundle\AdminBundle\Controller\Admin\MiscController::jsonTranslationsSystemAction [2,"pimcore_admin_misc_jsontranslationssystem",[],{"language":"en"}] []
[2025-04-23T01:03:07.879939+00:00] admin_statistics.INFO: Pimcore\Bundle\AdminBundle\Controller\Admin\Asset\AssetController::getImageThumbnailAction [2,"pimcore_admin_asset_getimagethumbnail",[],{"id":"57","alt":"","cropPercent":"false","cropWidth":"0","cropHeight":"0","cropTop":"0","cropLeft":"0","height":"undefined","pimcore_editmode":"1"}] []
[2025-04-23T01:03:07.917143+00:00] admin_statistics.INFO: Pimcore\Bundle\AdminBundle\Controller\Admin\Asset\AssetController::getImageThumbnailAction [2,"pimcore_admin_asset_getimagethumbnail",[],{"id":"64","alt":"","cropPercent":"false","cropWidth":"0","cropHeight":"0","cropTop":"0","cropLeft":"0","thumbnail":"content","height":"undefined","pimcore_editmode":"1"}] []
[2025-04-23T01:03:08.617023+00:00] admin_statistics.INFO: Pimcore\Bundle\AdminBundle\Controller\Admin\NotificationController::findLastUnreadAction [2,"pimcore_admin_notification_findlastunread",[],{"lastUpdate":"1745370158"}] []
[2025-04-23T01:03:32.577238+00:00] admin_statistics.INFO: Pimcore\Bundle\AdminBundle\Controller\Admin\ElementController::unlockElementAction [2,"pimcore_admin_element_unlockelement",[],{"id":"1","type":"document"}] []
[2025-04-23T01:03:32.598170+00:00] admin_statistics.INFO: Pimcore\Bundle\AdminBundle\Controller\Admin\Document\PageController::removeFromSessionAction [2,"pimcore_admin_document_page_removefromsession",[],{"id":"1"}] []
[2025-04-23T01:03:33.089840+00:00] admin_statistics.INFO: Pimcore\Bundle\AdminBundle\Controller\Admin\Document\PageController::getDataByIdAction [2,"pimcore_admin_document_page_getdatabyid",[],{"id":"1"}] []
[2025-04-23T01:03:33.446882+00:00] admin_statistics.INFO: Pimcore\Bundle\AdminBundle\Controller\Admin\MiscController::jsonTranslationsSystemAction [2,"pimcore_admin_misc_jsontranslationssystem",[],{"language":"en"}] []
[2025-04-23T01:03:33.941365+00:00] admin_statistics.INFO: Pimcore\Bundle\AdminBundle\Controller\Admin\Asset\AssetController::getImageThumbnailAction [2,"pimcore_admin_asset_getimagethumbnail",[],{"id":"57","alt":"","cropPercent":"false","cropWidth":"0","cropHeight":"0","cropTop":"0","cropLeft":"0","height":"undefined","pimcore_editmode":"1"}] []
[2025-04-23T01:03:33.980696+00:00] admin_statistics.INFO: Pimcore\Bundle\AdminBundle\Controller\Admin\Asset\AssetController::getImageThumbnailAction [2,"pimcore_admin_asset_getimagethumbnail",[],{"id":"64","alt":"","cropPercent":"false","cropWidth":"0","cropHeight":"0","cropTop":"0","cropLeft":"0","thumbnail":"content","height":"undefined","pimcore_editmode":"1"}] []
[2025-04-23T01:03:38.638884+00:00] admin_statistics.INFO: Pimcore\Bundle\AdminBundle\Controller\Admin\NotificationController::findLastUnreadAction [2,"pimcore_admin_notification_findlastunread",[],{"lastUpdate":"1745370188"}] []
[2025-04-23T01:03:46.429904+00:00] admin_statistics.INFO: Pimcore\Bundle\AdminBundle\Controller\Admin\ElementController::unlockElementAction [2,"pimcore_admin_element_unlockelement",[],{"id":"1","type":"document"}] []
[2025-04-23T01:03:46.446447+00:00] admin_statistics.INFO: Pimcore\Bundle\AdminBundle\Controller\Admin\Document\PageController::removeFromSessionAction [2,"pimcore_admin_document_page_removefromsession",[],{"id":"1"}] []
[2025-04-23T01:03:46.913842+00:00] admin_statistics.INFO: Pimcore\Bundle\AdminBundle\Controller\Admin\Document\PageController::getDataByIdAction [2,"pimcore_admin_document_page_getdatabyid",[],{"id":"1"}] []
[2025-04-23T01:03:47.238633+00:00] admin_statistics.INFO: Pimcore\Bundle\AdminBundle\Controller\Admin\MiscController::jsonTranslationsSystemAction [2,"pimcore_admin_misc_jsontranslationssystem",[],{"language":"en"}] []
[2025-04-23T01:03:47.627477+00:00] admin_statistics.INFO: Pimcore\Bundle\AdminBundle\Controller\Admin\Asset\AssetController::getImageThumbnailAction [2,"pimcore_admin_asset_getimagethumbnail",[],{"id":"57","alt":"","cropPercent":"false","cropWidth":"0","cropHeight":"0","cropTop":"0","cropLeft":"0","height":"undefined","pimcore_editmode":"1"}] []
[2025-04-23T01:03:47.667436+00:00] admin_statistics.INFO: Pimcore\Bundle\AdminBundle\Controller\Admin\Asset\AssetController::getImageThumbnailAction [2,"pimcore_admin_asset_getimagethumbnail",[],{"id":"64","alt":"","cropPercent":"false","cropWidth":"0","cropHeight":"0","cropTop":"0","cropLeft":"0","thumbnail":"content","height":"undefined","pimcore_editmode":"1"}] []
[2025-04-23T01:03:57.621750+00:00] admin_statistics.INFO: Pimcore\Bundle\AdminBundle\Controller\Admin\ElementController::unlockElementAction [2,"pimcore_admin_element_unlockelement",[],{"id":"1","type":"document"}] []
[2025-04-23T01:03:57.639057+00:00] admin_statistics.INFO: Pimcore\Bundle\AdminBundle\Controller\Admin\Document\PageController::removeFromSessionAction [2,"pimcore_admin_document_page_removefromsession",[],{"id":"1"}] []
[2025-04-23T01:03:58.108822+00:00] admin_statistics.INFO: Pimcore\Bundle\AdminBundle\Controller\Admin\Document\PageController::getDataByIdAction [2,"pimcore_admin_document_page_getdatabyid",[],{"id":"1"}] []
[2025-04-23T01:03:58.446280+00:00] admin_statistics.INFO: Pimcore\Bundle\AdminBundle\Controller\Admin\MiscController::jsonTranslationsSystemAction [2,"pimcore_admin_misc_jsontranslationssystem",[],{"language":"en"}] []
[2025-04-23T01:03:58.859178+00:00] admin_statistics.INFO: Pimcore\Bundle\AdminBundle\Controller\Admin\Asset\AssetController::getImageThumbnailAction [2,"pimcore_admin_asset_getimagethumbnail",[],{"id":"57","alt":"","cropPercent":"false","cropWidth":"0","cropHeight":"0","cropTop":"0","cropLeft":"0","height":"undefined","pimcore_editmode":"1"}] []
[2025-04-23T01:03:58.899669+00:00] admin_statistics.INFO: Pimcore\Bundle\AdminBundle\Controller\Admin\Asset\AssetController::getImageThumbnailAction [2,"pimcore_admin_asset_getimagethumbnail",[],{"id":"64","alt":"","cropPercent":"false","cropWidth":"0","cropHeight":"0","cropTop":"0","cropLeft":"0","thumbnail":"content","height":"undefined","pimcore_editmode":"1"}] []
[2025-04-23T01:04:08.398066+00:00] admin_statistics.INFO: Pimcore\Bundle\AdminBundle\Controller\Admin\ElementController::unlockElementAction [2,"pimcore_admin_element_unlockelement",[],{"id":"1","type":"document"}] []
[2025-04-23T01:04:08.425968+00:00] admin_statistics.INFO: Pimcore\Bundle\AdminBundle\Controller\Admin\Document\PageController::removeFromSessionAction [2,"pimcore_admin_document_page_removefromsession",[],{"id":"1"}] []
[2025-04-23T01:04:08.632777+00:00] admin_statistics.INFO: Pimcore\Bundle\AdminBundle\Controller\Admin\NotificationController::findLastUnreadAction [2,"pimcore_admin_notification_findlastunread",[],{"lastUpdate":"1745370218"}] []
[2025-04-23T01:04:08.895131+00:00] admin_statistics.INFO: Pimcore\Bundle\AdminBundle\Controller\Admin\Document\PageController::getDataByIdAction [2,"pimcore_admin_document_page_getdatabyid",[],{"id":"1"}] []
[2025-04-23T01:04:09.242054+00:00] admin_statistics.INFO: Pimcore\Bundle\AdminBundle\Controller\Admin\MiscController::jsonTranslationsSystemAction [2,"pimcore_admin_misc_jsontranslationssystem",[],{"language":"en"}] []
[2025-04-23T01:04:09.666640+00:00] admin_statistics.INFO: Pimcore\Bundle\AdminBundle\Controller\Admin\Asset\AssetController::getImageThumbnailAction [2,"pimcore_admin_asset_getimagethumbnail",[],{"id":"57","alt":"","cropPercent":"false","cropWidth":"0","cropHeight":"0","cropTop":"0","cropLeft":"0","height":"undefined","pimcore_editmode":"1"}] []
[2025-04-23T01:04:09.701874+00:00] admin_statistics.INFO: Pimcore\Bundle\AdminBundle\Controller\Admin\Asset\AssetController::getImageThumbnailAction [2,"pimcore_admin_asset_getimagethumbnail",[],{"id":"64","alt":"","cropPercent":"false","cropWidth":"0","cropHeight":"0","cropTop":"0","cropLeft":"0","thumbnail":"content","height":"undefined","pimcore_editmode":"1"}] []
[2025-04-23T01:04:38.686152+00:00] admin_statistics.INFO: Pimcore\Bundle\AdminBundle\Controller\Admin\NotificationController::findLastUnreadAction [2,"pimcore_admin_notification_findlastunread",[],{"lastUpdate":"1745370248"}] []
[2025-04-23T01:05:08.642111+00:00] admin_statistics.INFO: Pimcore\Bundle\AdminBundle\Controller\Admin\NotificationController::findLastUnreadAction [2,"pimcore_admin_notification_findlastunread",[],{"lastUpdate":"1745370278"}] []
[2025-04-23T01:06:49.730867+00:00] admin_statistics.INFO: Pimcore\Bundle\AdminBundle\Controller\Admin\NotificationController::findLastUnreadAction [2,"pimcore_admin_notification_findlastunread",[],{"lastUpdate":"1745370308"}] []
[2025-04-23T01:06:51.608301+00:00] admin_statistics.INFO: Pimcore\Bundle\AdminBundle\Controller\Admin\IndexController::indexAction [2,"pimcore_admin_index",[],[]] []
[2025-04-23T01:06:51.644805+00:00] admin_statistics.INFO: Pimcore\Bundle\AdminBundle\Controller\Admin\ElementController::unlockElementsAction [2,"pimcore_admin_element_unlockelements",[],{"csrfToken":"94d87253a79754bb45422c0621471a9758df21e5"}] []
[2025-04-23T01:06:51.756172+00:00] admin_statistics.INFO: Pimcore\Bundle\AdminBundle\Controller\Admin\UserController::getImageAction [2,"pimcore_admin_user_getimage",[],[]] []
[2025-04-23T01:06:51.834880+00:00] admin_statistics.INFO: Pimcore\Bundle\AdminBundle\Controller\Admin\MiscController::adminCssAction [2,"pimcore_admin_misc_admincss",[],[]] []
[2025-04-23T01:06:51.851213+00:00] admin_statistics.INFO: Pimcore\Bundle\AdminBundle\Controller\Admin\MiscController::jsonTranslationsSystemAction [2,"pimcore_admin_misc_jsontranslationssystem",[],{"language":"en"}] []
[2025-04-23T01:06:51.914833+00:00] admin_statistics.INFO: Pimcore\Bundle\AdminBundle\Controller\Admin\UserController::getCurrentUserAction [2,"pimcore_admin_user_getcurrentuser",[],[]] []
[2025-04-23T01:06:51.930357+00:00] admin_statistics.INFO: Pimcore\Bundle\AdminBundle\Controller\Admin\MiscController::availableLanguagesAction [2,"pimcore_admin_misc_availablelanguages",[],[]] []
[2025-04-23T01:06:52.560513+00:00] admin_statistics.INFO: Pimcore\Bundle\AdminBundle\Controller\Admin\SettingsController::displayCustomLogoAction [2,"pimcore_settings_display_custom_logo",[],[]] []
[2025-04-23T01:06:52.575202+00:00] admin_statistics.INFO: Pimcore\Bundle\AdminBundle\Controller\Admin\Document\DocumentController::treeGetRootAction [2,"pimcore_admin_document_document_treegetroot",[],{"id":"1","view":"","elementType":"document"}] []
[2025-04-23T01:06:52.603231+00:00] admin_statistics.INFO: Pimcore\Bundle\AdminBundle\Controller\Admin\Asset\AssetController::treeGetRootAction [2,"pimcore_admin_asset_treegetroot",[],{"id":"1","view":"","elementType":"asset"}] []
[2025-04-23T01:06:52.638445+00:00] admin_statistics.INFO: Pimcore\Bundle\AdminBundle\Controller\Admin\DataObject\DataObjectController::treeGetRootAction [2,"pimcore_admin_dataobject_dataobject_treegetroot",[],{"id":"","view":"","elementType":"object"}] []
[2025-04-23T01:06:52.685232+00:00] admin_statistics.INFO: Pimcore\Bundle\AdminBundle\Controller\Admin\PortalController::dashboardListAction [2,"pimcore_admin_portal_dashboardlist",[],[]] []
[2025-04-23T01:06:52.708900+00:00] admin_statistics.INFO: Pimcore\Bundle\AdminBundle\Controller\Admin\NotificationController::findLastUnreadAction [2,"pimcore_admin_notification_findlastunread",[],{"lastUpdate":"1745370412"}] []
[2025-04-23T01:06:52.750962+00:00] admin_statistics.INFO: Pimcore\Bundle\AdminBundle\Controller\Admin\Document\DocumentController::docTypesGetAction [2,"pimcore_admin_document_document_doctypesget",[],{"xaction":"read","page":"1","start":"0","limit":"25"}] []
[2025-04-23T01:06:52.774232+00:00] admin_statistics.INFO: Pimcore\Bundle\AdminBundle\Controller\Admin\DataObject\ClassController::getTreeAction [2,"pimcore_admin_dataobject_class_gettree",[],{"page":"1","start":"0","limit":"25"}] []
[2025-04-23T01:06:52.794685+00:00] admin_statistics.INFO: Pimcore\Bundle\AdminBundle\Controller\Admin\DataObject\ClassController::getTreeAction [2,"pimcore_admin_dataobject_class_gettree",[],{"createAllowed":"true","page":"1","start":"0","limit":"25"}] []
[2025-04-23T01:06:52.825141+00:00] admin_statistics.INFO: Pimcore\Bundle\AdminBundle\Controller\Admin\SettingsController::getAvailableAdminLanguagesAction [2,"pimcore_admin_settings_getavailableadminlanguages",[],{"page":"1","start":"0","limit":"25"}] []
[2025-04-23T01:06:52.854340+00:00] admin_statistics.INFO: Pimcore\Bundle\AdminBundle\Controller\Admin\SettingsController::getAvailableSitesAction [2,"pimcore_admin_settings_getavailablesites",[],{"page":"1","start":"0","limit":"25"}] []
[2025-04-23T01:06:52.879625+00:00] admin_statistics.INFO: Pimcore\Bundle\AdminBundle\Controller\Admin\Document\DocumentController::treeGetChildrenByIdAction [2,"pimcore_admin_document_document_treegetchildrenbyid",[],{"limit":"50","view":"","page":"1","start":"0","node":"1"}] []
[2025-04-23T01:06:52.929098+00:00] admin_statistics.INFO: Pimcore\Bundle\AdminBundle\Controller\Admin\Asset\AssetController::treeGetChildrenByIdAction [2,"pimcore_admin_asset_treegetchildrenbyid",[],{"limit":"100","view":"","page":"1","start":"0","node":"1"}] []
[2025-04-23T01:06:52.952017+00:00] admin_statistics.INFO: Pimcore\Bundle\AdminBundle\Controller\Admin\DataObject\DataObjectController::treeGetChildrenByIdAction [2,"pimcore_admin_dataobject_dataobject_treegetchildrenbyid",[],{"limit":"30","view":"","page":"1","start":"0","node":"1"}] []
[2025-04-23T01:06:54.355378+00:00] admin_statistics.INFO: Pimcore\Bundle\AdminBundle\Controller\Admin\Document\PageController::getDataByIdAction [2,"pimcore_admin_document_page_getdatabyid",[],{"id":"1"}] []
[2025-04-23T01:06:54.720079+00:00] admin_statistics.INFO: Pimcore\Bundle\AdminBundle\Controller\Admin\MiscController::jsonTranslationsSystemAction [2,"pimcore_admin_misc_jsontranslationssystem",[],{"language":"en"}] []
[2025-04-23T01:06:55.136440+00:00] admin_statistics.INFO: Pimcore\Bundle\AdminBundle\Controller\Admin\Asset\AssetController::getImageThumbnailAction [2,"pimcore_admin_asset_getimagethumbnail",[],{"id":"57","alt":"","cropPercent":"false","cropWidth":"0","cropHeight":"0","cropTop":"0","cropLeft":"0","height":"undefined","pimcore_editmode":"1"}] []
[2025-04-23T01:06:55.161635+00:00] admin_statistics.INFO: Pimcore\Bundle\AdminBundle\Controller\Admin\Asset\AssetController::getImageThumbnailAction [2,"pimcore_admin_asset_getimagethumbnail",[],{"id":"64","alt":"","cropPercent":"false","cropWidth":"0","cropHeight":"0","cropTop":"0","cropLeft":"0","thumbnail":"content","height":"undefined","pimcore_editmode":"1"}] []
[2025-04-23T01:06:57.791182+00:00] admin_statistics.INFO: Pimcore\Bundle\AdminBundle\Controller\Admin\IndexController::statisticsAction [2,"pimcore_admin_index_statistics",[],[]] []
[2025-04-23T01:07:16.314793+00:00] admin_statistics.INFO: Pimcore\Bundle\AdminBundle\Controller\Admin\SettingsController::thumbnailTreeAction [2,"pimcore_admin_settings_thumbnailtree",[],{"node":"0"}] []
[2025-04-23T01:07:17.541602+00:00] admin_statistics.INFO: Pimcore\Bundle\AdminBundle\Controller\Admin\SettingsController::thumbnailGetAction [2,"pimcore_admin_settings_thumbnailget",[],{"name":"news_detail"}] []
[2025-04-23T01:07:17.616760+00:00] admin_statistics.INFO: Pimcore\Bundle\AdminBundle\Controller\Admin\SettingsController::thumbnailAdapterCheckAction [2,"pimcore_admin_settings_thumbnailadaptercheck",[],[]] []
[2025-04-23T01:07:22.489247+00:00] admin_statistics.INFO: Pimcore\Bundle\AdminBundle\Controller\Admin\NotificationController::findLastUnreadAction [2,"pimcore_admin_notification_findlastunread",[],{"lastUpdate":"1745370412"}] []
[2025-04-23T01:07:29.207031+00:00] admin_statistics.INFO: Pimcore\Bundle\AdminBundle\Controller\Admin\SettingsController::thumbnailUpdateAction [2,"pimcore_admin_settings_thumbnailupdate",[],{"settings":"{\"name\":\"news_detail\",\"description\":\"\",\"...","medias":"{\"default\":[{\"width\":960,\"height\":600,\"p...","mediaOrder":"{\"default\":0}","name":"news_detail"}] []
[2025-04-23T01:07:31.643802+00:00] admin_statistics.INFO: Pimcore\Bundle\AdminBundle\Controller\Admin\SettingsController::thumbnailTreeAction [2,"pimcore_admin_settings_thumbnailtree",[],{"node":"0"}] []
[2025-04-23T01:07:33.381236+00:00] admin_statistics.INFO: Pimcore\Bundle\AdminBundle\Controller\Admin\Document\PageController::removeFromSessionAction [2,"pimcore_admin_document_page_removefromsession",[],{"id":"1"}] []
[2025-04-23T01:07:33.400845+00:00] admin_statistics.INFO: Pimcore\Bundle\AdminBundle\Controller\Admin\ElementController::unlockElementAction [2,"pimcore_admin_element_unlockelement",[],{"id":"1","type":"document"}] []
[2025-04-23T01:07:33.882696+00:00] admin_statistics.INFO: Pimcore\Bundle\AdminBundle\Controller\Admin\Document\PageController::getDataByIdAction [2,"pimcore_admin_document_page_getdatabyid",[],{"id":"1"}] []
[2025-04-23T01:07:34.262391+00:00] admin_statistics.INFO: Pimcore\Bundle\AdminBundle\Controller\Admin\MiscController::jsonTranslationsSystemAction [2,"pimcore_admin_misc_jsontranslationssystem",[],{"language":"en"}] []
[2025-04-23T01:07:34.670351+00:00] admin_statistics.INFO: Pimcore\Bundle\AdminBundle\Controller\Admin\Asset\AssetController::getImageThumbnailAction [2,"pimcore_admin_asset_getimagethumbnail",[],{"id":"57","alt":"","cropPercent":"false","cropWidth":"0","cropHeight":"0","cropTop":"0","cropLeft":"0","height":"undefined","pimcore_editmode":"1"}] []
[2025-04-23T01:07:34.706264+00:00] admin_statistics.INFO: Pimcore\Bundle\AdminBundle\Controller\Admin\Asset\AssetController::getImageThumbnailAction [2,"pimcore_admin_asset_getimagethumbnail",[],{"id":"64","alt":"","cropPercent":"false","cropWidth":"0","cropHeight":"0","cropTop":"0","cropLeft":"0","thumbnail":"content","height":"undefined","pimcore_editmode":"1"}] []
[2025-04-23T01:07:47.641065+00:00] admin_statistics.INFO: Pimcore\Bundle\AdminBundle\Controller\Admin\SettingsController::thumbnailUpdateAction [2,"pimcore_admin_settings_thumbnailupdate",[],{"settings":"{\"name\":\"news_detail\",\"description\":\"\",\"...","medias":"{\"default\":[{\"width\":960,\"height\":600,\"p...","mediaOrder":"{\"default\":0}","name":"news_detail"}] []
[2025-04-23T01:07:49.670701+00:00] admin_statistics.INFO: Pimcore\Bundle\AdminBundle\Controller\Admin\SettingsController::thumbnailTreeAction [2,"pimcore_admin_settings_thumbnailtree",[],{"node":"0"}] []
[2025-04-23T01:07:51.246483+00:00] admin_statistics.INFO: Pimcore\Bundle\AdminBundle\Controller\Admin\Document\PageController::saveAction [2,"pimcore_admin_document_page_save",[],{"task":"publish","id":"1"}] []
[2025-04-23T01:07:51.906534+00:00] admin_statistics.INFO: Pimcore\Bundle\AdminBundle\Controller\Admin\ElementController::getVersionsAction [2,"pimcore_admin_element_getversions",[],{"id":"1","elementType":"document","page":"1","start":"0","limit":"25"}] []
[2025-04-23T01:07:52.496299+00:00] admin_statistics.INFO: Pimcore\Bundle\AdminBundle\Controller\Admin\NotificationController::findLastUnreadAction [2,"pimcore_admin_notification_findlastunread",[],{"lastUpdate":"1745370442"}] []
[2025-04-23T01:07:58.800065+00:00] admin_statistics.INFO: Pimcore\Bundle\AdminBundle\Controller\Admin\ElementController::unlockElementAction [2,"pimcore_admin_element_unlockelement",[],{"id":"1","type":"document"}] []
[2025-04-23T01:07:58.817565+00:00] admin_statistics.INFO: Pimcore\Bundle\AdminBundle\Controller\Admin\Document\PageController::removeFromSessionAction [2,"pimcore_admin_document_page_removefromsession",[],{"id":"1"}] []
[2025-04-23T01:07:59.286633+00:00] admin_statistics.INFO: Pimcore\Bundle\AdminBundle\Controller\Admin\Document\PageController::getDataByIdAction [2,"pimcore_admin_document_page_getdatabyid",[],{"id":"1"}] []
[2025-04-23T01:07:59.653698+00:00] admin_statistics.INFO: Pimcore\Bundle\AdminBundle\Controller\Admin\MiscController::jsonTranslationsSystemAction [2,"pimcore_admin_misc_jsontranslationssystem",[],{"language":"en"}] []
[2025-04-23T01:08:00.112686+00:00] admin_statistics.INFO: Pimcore\Bundle\AdminBundle\Controller\Admin\Asset\AssetController::getImageThumbnailAction [2,"pimcore_admin_asset_getimagethumbnail",[],{"id":"57","alt":"","cropPercent":"false","cropWidth":"0","cropHeight":"0","cropTop":"0","cropLeft":"0","height":"undefined","pimcore_editmode":"1"}] []
[2025-04-23T01:08:00.152591+00:00] admin_statistics.INFO: Pimcore\Bundle\AdminBundle\Controller\Admin\Asset\AssetController::getImageThumbnailAction [2,"pimcore_admin_asset_getimagethumbnail",[],{"id":"64","alt":"","cropPercent":"false","cropWidth":"0","cropHeight":"0","cropTop":"0","cropLeft":"0","thumbnail":"content","height":"undefined","pimcore_editmode":"1"}] []
[2025-04-23T01:08:22.470910+00:00] admin_statistics.INFO: Pimcore\Bundle\AdminBundle\Controller\Admin\NotificationController::findLastUnreadAction [2,"pimcore_admin_notification_findlastunread",[],{"lastUpdate":"1745370472"}] []
[2025-04-23T01:08:30.166858+00:00] admin_statistics.INFO: Pimcore\Bundle\AdminBundle\Controller\Admin\ElementController::unlockElementAction [2,"pimcore_admin_element_unlockelement",[],{"id":"1","type":"document"}] []
[2025-04-23T01:08:30.185234+00:00] admin_statistics.INFO: Pimcore\Bundle\AdminBundle\Controller\Admin\Document\PageController::removeFromSessionAction [2,"pimcore_admin_document_page_removefromsession",[],{"id":"1"}] []
[2025-04-23T01:08:30.658968+00:00] admin_statistics.INFO: Pimcore\Bundle\AdminBundle\Controller\Admin\Document\PageController::getDataByIdAction [2,"pimcore_admin_document_page_getdatabyid",[],{"id":"1"}] []
[2025-04-23T01:08:31.026528+00:00] admin_statistics.INFO: Pimcore\Bundle\AdminBundle\Controller\Admin\MiscController::jsonTranslationsSystemAction [2,"pimcore_admin_misc_jsontranslationssystem",[],{"language":"en"}] []
[2025-04-23T01:08:31.400976+00:00] admin_statistics.INFO: Pimcore\Bundle\AdminBundle\Controller\Admin\Asset\AssetController::getImageThumbnailAction [2,"pimcore_admin_asset_getimagethumbnail",[],{"id":"57","alt":"","cropPercent":"false","cropWidth":"0","cropHeight":"0","cropTop":"0","cropLeft":"0","height":"undefined","pimcore_editmode":"1"}] []
[2025-04-23T01:08:31.435380+00:00] admin_statistics.INFO: Pimcore\Bundle\AdminBundle\Controller\Admin\Asset\AssetController::getImageThumbnailAction [2,"pimcore_admin_asset_getimagethumbnail",[],{"id":"64","alt":"","cropPercent":"false","cropWidth":"0","cropHeight":"0","cropTop":"0","cropLeft":"0","thumbnail":"content","height":"undefined","pimcore_editmode":"1"}] []
[2025-04-23T01:08:50.895522+00:00] admin_statistics.INFO: Pimcore\Bundle\AdminBundle\Controller\Admin\Document\PageController::removeFromSessionAction [2,"pimcore_admin_document_page_removefromsession",[],{"id":"1"}] []
[2025-04-23T01:08:50.909469+00:00] admin_statistics.INFO: Pimcore\Bundle\AdminBundle\Controller\Admin\ElementController::unlockElementAction [2,"pimcore_admin_element_unlockelement",[],{"id":"1","type":"document"}] []
[2025-04-23T01:08:51.374844+00:00] admin_statistics.INFO: Pimcore\Bundle\AdminBundle\Controller\Admin\Document\PageController::getDataByIdAction [2,"pimcore_admin_document_page_getdatabyid",[],{"id":"1"}] []
[2025-04-23T01:08:51.712774+00:00] admin_statistics.INFO: Pimcore\Bundle\AdminBundle\Controller\Admin\MiscController::jsonTranslationsSystemAction [2,"pimcore_admin_misc_jsontranslationssystem",[],{"language":"en"}] []
[2025-04-23T01:08:52.097211+00:00] admin_statistics.INFO: Pimcore\Bundle\AdminBundle\Controller\Admin\Asset\AssetController::getImageThumbnailAction [2,"pimcore_admin_asset_getimagethumbnail",[],{"id":"57","alt":"","cropPercent":"false","cropWidth":"0","cropHeight":"0","cropTop":"0","cropLeft":"0","height":"undefined","pimcore_editmode":"1"}] []
[2025-04-23T01:08:52.134992+00:00] admin_statistics.INFO: Pimcore\Bundle\AdminBundle\Controller\Admin\Asset\AssetController::getImageThumbnailAction [2,"pimcore_admin_asset_getimagethumbnail",[],{"id":"64","alt":"","cropPercent":"false","cropWidth":"0","cropHeight":"0","cropTop":"0","cropLeft":"0","thumbnail":"content","height":"undefined","pimcore_editmode":"1"}] []
[2025-04-23T01:08:52.471136+00:00] admin_statistics.INFO: Pimcore\Bundle\AdminBundle\Controller\Admin\NotificationController::findLastUnreadAction [2,"pimcore_admin_notification_findlastunread",[],{"lastUpdate":"1745370502"}] []
[2025-04-23T01:09:22.495862+00:00] admin_statistics.INFO: Pimcore\Bundle\AdminBundle\Controller\Admin\NotificationController::findLastUnreadAction [2,"pimcore_admin_notification_findlastunread",[],{"lastUpdate":"1745370532"}] []
[2025-04-23T01:09:52.563454+00:00] admin_statistics.INFO: Pimcore\Bundle\AdminBundle\Controller\Admin\NotificationController::findLastUnreadAction [2,"pimcore_admin_notification_findlastunread",[],{"lastUpdate":"1745370562"}] []
[2025-04-23T01:10:02.366777+00:00] admin_statistics.INFO: Pimcore\Bundle\AdminBundle\Controller\Admin\ElementController::unlockElementsAction [2,"pimcore_admin_element_unlockelements",[],{"csrfToken":"94d87253a79754bb45422c0621471a9758df21e5"}] []
[2025-04-23T01:10:05.483842+00:00] admin_statistics.INFO: Pimcore\Bundle\AdminBundle\Controller\Admin\Document\DocumentController::treeGetRootAction [2,"pimcore_admin_document_document_treegetroot",[],{"id":"1","view":"","elementType":"document"}] []
[2025-04-23T01:10:05.510123+00:00] admin_statistics.INFO: Pimcore\Bundle\AdminBundle\Controller\Admin\DataObject\DataObjectController::treeGetRootAction [2,"pimcore_admin_dataobject_dataobject_treegetroot",[],{"id":"","view":"","elementType":"object"}] []
[2025-04-23T01:10:05.549173+00:00] admin_statistics.INFO: Pimcore\Bundle\AdminBundle\Controller\Admin\Asset\AssetController::treeGetRootAction [2,"pimcore_admin_asset_treegetroot",[],{"id":"1","view":"","elementType":"asset"}] []
[2025-04-23T01:10:05.580696+00:00] admin_statistics.INFO: Pimcore\Bundle\AdminBundle\Controller\Admin\PortalController::dashboardListAction [2,"pimcore_admin_portal_dashboardlist",[],[]] []
[2025-04-23T01:10:05.623601+00:00] admin_statistics.INFO: Pimcore\Bundle\AdminBundle\Controller\Admin\NotificationController::findLastUnreadAction [2,"pimcore_admin_notification_findlastunread",[],{"lastUpdate":"1745370605"}] []
[2025-04-23T01:10:05.648637+00:00] admin_statistics.INFO: Pimcore\Bundle\AdminBundle\Controller\Admin\Document\DocumentController::docTypesGetAction [2,"pimcore_admin_document_document_doctypesget",[],{"xaction":"read","page":"1","start":"0","limit":"25"}] []
[2025-04-23T01:10:05.667357+00:00] admin_statistics.INFO: Pimcore\Bundle\AdminBundle\Controller\Admin\DataObject\ClassController::getTreeAction [2,"pimcore_admin_dataobject_class_gettree",[],{"page":"1","start":"0","limit":"25"}] []
[2025-04-23T01:10:05.705748+00:00] admin_statistics.INFO: Pimcore\Bundle\AdminBundle\Controller\Admin\DataObject\ClassController::getTreeAction [2,"pimcore_admin_dataobject_class_gettree",[],{"createAllowed":"true","page":"1","start":"0","limit":"25"}] []
[2025-04-23T01:10:05.726734+00:00] admin_statistics.INFO: Pimcore\Bundle\AdminBundle\Controller\Admin\SettingsController::getAvailableAdminLanguagesAction [2,"pimcore_admin_settings_getavailableadminlanguages",[],{"page":"1","start":"0","limit":"25"}] []
[2025-04-23T01:10:05.749411+00:00] admin_statistics.INFO: Pimcore\Bundle\AdminBundle\Controller\Admin\SettingsController::getAvailableSitesAction [2,"pimcore_admin_settings_getavailablesites",[],{"page":"1","start":"0","limit":"25"}] []
[2025-04-23T01:10:05.785666+00:00] admin_statistics.INFO: Pimcore\Bundle\AdminBundle\Controller\Admin\Document\DocumentController::treeGetChildrenByIdAction [2,"pimcore_admin_document_document_treegetchildrenbyid",[],{"limit":"50","view":"","page":"1","start":"0","node":"1"}] []
[2025-04-23T01:10:05.877955+00:00] admin_statistics.INFO: Pimcore\Bundle\AdminBundle\Controller\Admin\Asset\AssetController::treeGetChildrenByIdAction [2,"pimcore_admin_asset_treegetchildrenbyid",[],{"limit":"100","view":"","page":"1","start":"0","node":"1"}] []
[2025-04-23T01:10:05.904565+00:00] admin_statistics.INFO: Pimcore\Bundle\AdminBundle\Controller\Admin\DataObject\DataObjectController::treeGetChildrenByIdAction [2,"pimcore_admin_dataobject_dataobject_treegetchildrenbyid",[],{"limit":"30","view":"","page":"1","start":"0","node":"1"}] []
[2025-04-23T01:10:08.362976+00:00] admin_statistics.INFO: Pimcore\Bundle\AdminBundle\Controller\Admin\Document\PageController::getDataByIdAction [2,"pimcore_admin_document_page_getdatabyid",[],{"id":"1"}] []
[2025-04-23T01:10:08.760798+00:00] admin_statistics.INFO: Pimcore\Bundle\AdminBundle\Controller\Admin\MiscController::jsonTranslationsSystemAction [2,"pimcore_admin_misc_jsontranslationssystem",[],{"language":"en"}] []
[2025-04-23T01:10:09.235276+00:00] admin_statistics.INFO: Pimcore\Bundle\AdminBundle\Controller\Admin\Asset\AssetController::getImageThumbnailAction [2,"pimcore_admin_asset_getimagethumbnail",[],{"id":"57","alt":"","cropPercent":"false","cropWidth":"0","cropHeight":"0","cropTop":"0","cropLeft":"0","height":"undefined","pimcore_editmode":"1"}] []
[2025-04-23T01:10:09.255871+00:00] admin_statistics.INFO: Pimcore\Bundle\AdminBundle\Controller\Admin\Asset\AssetController::getImageThumbnailAction [2,"pimcore_admin_asset_getimagethumbnail",[],{"id":"64","alt":"","cropPercent":"false","cropWidth":"0","cropHeight":"0","cropTop":"0","cropLeft":"0","thumbnail":"content","height":"undefined","pimcore_editmode":"1"}] []
[2025-04-23T01:10:10.808032+00:00] admin_statistics.INFO: Pimcore\Bundle\AdminBundle\Controller\Admin\IndexController::statisticsAction [2,"pimcore_admin_index_statistics",[],[]] []
[2025-04-23T01:10:35.339861+00:00] admin_statistics.INFO: Pimcore\Bundle\AdminBundle\Controller\Admin\NotificationController::findLastUnreadAction [2,"pimcore_admin_notification_findlastunread",[],{"lastUpdate":"1745370605"}] []
[2025-04-23T01:11:05.345371+00:00] admin_statistics.INFO: Pimcore\Bundle\AdminBundle\Controller\Admin\NotificationController::findLastUnreadAction [2,"pimcore_admin_notification_findlastunread",[],{"lastUpdate":"1745370635"}] []
[2025-04-23T01:11:35.359714+00:00] admin_statistics.INFO: Pimcore\Bundle\AdminBundle\Controller\Admin\NotificationController::findLastUnreadAction [2,"pimcore_admin_notification_findlastunread",[],{"lastUpdate":"1745370665"}] []
[2025-04-23T01:12:05.315150+00:00] admin_statistics.INFO: Pimcore\Bundle\AdminBundle\Controller\Admin\NotificationController::findLastUnreadAction [2,"pimcore_admin_notification_findlastunread",[],{"lastUpdate":"1745370695"}] []
[2025-04-23T01:12:35.321266+00:00] admin_statistics.INFO: Pimcore\Bundle\AdminBundle\Controller\Admin\NotificationController::findLastUnreadAction [2,"pimcore_admin_notification_findlastunread",[],{"lastUpdate":"1745370725"}] []
[2025-04-23T01:13:05.313787+00:00] admin_statistics.INFO: Pimcore\Bundle\AdminBundle\Controller\Admin\NotificationController::findLastUnreadAction [2,"pimcore_admin_notification_findlastunread",[],{"lastUpdate":"1745370755"}] []
[2025-04-23T01:13:35.333000+00:00] admin_statistics.INFO: Pimcore\Bundle\AdminBundle\Controller\Admin\NotificationController::findLastUnreadAction [2,"pimcore_admin_notification_findlastunread",[],{"lastUpdate":"1745370785"}] []
[2025-04-23T01:13:41.107983+00:00] admin_statistics.INFO: Pimcore\Bundle\AdminBundle\Controller\Admin\ElementController::unlockElementAction [2,"pimcore_admin_element_unlockelement",[],{"id":"1","type":"document"}] []
[2025-04-23T01:13:41.125418+00:00] admin_statistics.INFO: Pimcore\Bundle\AdminBundle\Controller\Admin\Document\PageController::removeFromSessionAction [2,"pimcore_admin_document_page_removefromsession",[],{"id":"1"}] []
[2025-04-23T01:13:41.601817+00:00] admin_statistics.INFO: Pimcore\Bundle\AdminBundle\Controller\Admin\Document\PageController::getDataByIdAction [2,"pimcore_admin_document_page_getdatabyid",[],{"id":"1"}] []
[2025-04-23T01:13:41.938624+00:00] admin_statistics.INFO: Pimcore\Bundle\AdminBundle\Controller\Admin\MiscController::jsonTranslationsSystemAction [2,"pimcore_admin_misc_jsontranslationssystem",[],{"language":"en"}] []
[2025-04-23T01:13:42.311103+00:00] admin_statistics.INFO: Pimcore\Bundle\AdminBundle\Controller\Admin\Asset\AssetController::getImageThumbnailAction [2,"pimcore_admin_asset_getimagethumbnail",[],{"id":"57","alt":"","cropPercent":"false","cropWidth":"0","cropHeight":"0","cropTop":"0","cropLeft":"0","height":"undefined","pimcore_editmode":"1"}] []
[2025-04-23T01:13:42.348287+00:00] admin_statistics.INFO: Pimcore\Bundle\AdminBundle\Controller\Admin\Asset\AssetController::getImageThumbnailAction [2,"pimcore_admin_asset_getimagethumbnail",[],{"id":"64","alt":"","cropPercent":"false","cropWidth":"0","cropHeight":"0","cropTop":"0","cropLeft":"0","thumbnail":"content","height":"undefined","pimcore_editmode":"1"}] []
[2025-04-23T01:14:05.312955+00:00] admin_statistics.INFO: Pimcore\Bundle\AdminBundle\Controller\Admin\NotificationController::findLastUnreadAction [2,"pimcore_admin_notification_findlastunread",[],{"lastUpdate":"1745370815"}] []
[2025-04-23T01:14:35.326504+00:00] admin_statistics.INFO: Pimcore\Bundle\AdminBundle\Controller\Admin\NotificationController::findLastUnreadAction [2,"pimcore_admin_notification_findlastunread",[],{"lastUpdate":"1745370845"}] []
[2025-04-23T01:14:42.130720+00:00] admin_statistics.INFO: Pimcore\Bundle\AdminBundle\Controller\Admin\Document\PageController::removeFromSessionAction [2,"pimcore_admin_document_page_removefromsession",[],{"id":"1"}] []
[2025-04-23T01:14:42.145410+00:00] admin_statistics.INFO: Pimcore\Bundle\AdminBundle\Controller\Admin\ElementController::unlockElementAction [2,"pimcore_admin_element_unlockelement",[],{"id":"1","type":"document"}] []
[2025-04-23T01:14:42.631970+00:00] admin_statistics.INFO: Pimcore\Bundle\AdminBundle\Controller\Admin\Document\PageController::getDataByIdAction [2,"pimcore_admin_document_page_getdatabyid",[],{"id":"1"}] []
[2025-04-23T01:14:42.959029+00:00] admin_statistics.INFO: Pimcore\Bundle\AdminBundle\Controller\Admin\MiscController::jsonTranslationsSystemAction [2,"pimcore_admin_misc_jsontranslationssystem",[],{"language":"en"}] []
[2025-04-23T01:14:43.353406+00:00] admin_statistics.INFO: Pimcore\Bundle\AdminBundle\Controller\Admin\Asset\AssetController::getImageThumbnailAction [2,"pimcore_admin_asset_getimagethumbnail",[],{"id":"57","alt":"","cropPercent":"false","cropWidth":"0","cropHeight":"0","cropTop":"0","cropLeft":"0","height":"undefined","pimcore_editmode":"1"}] []
[2025-04-23T01:14:43.389414+00:00] admin_statistics.INFO: Pimcore\Bundle\AdminBundle\Controller\Admin\Asset\AssetController::getImageThumbnailAction [2,"pimcore_admin_asset_getimagethumbnail",[],{"id":"64","alt":"","cropPercent":"false","cropWidth":"0","cropHeight":"0","cropTop":"0","cropLeft":"0","thumbnail":"content","height":"undefined","pimcore_editmode":"1"}] []
[2025-04-23T01:14:54.446277+00:00] admin_statistics.INFO: Pimcore\Bundle\AdminBundle\Controller\Admin\Document\DocumentController::treeGetChildrenByIdAction [2,"pimcore_admin_document_document_treegetchildrenbyid",[],{"limit":"50","view":"","fromPaging":"0","start":"0","page":"1","node":"3"}] []
[2025-04-23T01:14:55.453311+00:00] admin_statistics.INFO: Pimcore\Bundle\AdminBundle\Controller\Admin\Document\SnippetController::getDataByIdAction [2,"pimcore_admin_document_snippet_getdatabyid",[],{"id":"4"}] []
[2025-04-23T01:14:55.713363+00:00] admin_statistics.INFO: Pimcore\Bundle\AdminBundle\Controller\Admin\MiscController::jsonTranslationsSystemAction [2,"pimcore_admin_misc_jsontranslationssystem",[],{"language":"en"}] []
[2025-04-23T01:16:12.325607+00:00] admin_statistics.INFO: Pimcore\Bundle\AdminBundle\Controller\Admin\NotificationController::findLastUnreadAction [2,"pimcore_admin_notification_findlastunread",[],{"lastUpdate":"1745370875"}] []
[2025-04-23T01:16:13.911317+00:00] admin_statistics.INFO: Pimcore\Bundle\AdminBundle\Controller\Admin\IndexController::indexAction [2,"pimcore_admin_index",[],[]] []
[2025-04-23T01:16:14.050272+00:00] admin_statistics.INFO: Pimcore\Bundle\AdminBundle\Controller\Admin\ElementController::unlockElementsAction [2,"pimcore_admin_element_unlockelements",[],{"csrfToken":"94d87253a79754bb45422c0621471a9758df21e5"}] []
[2025-04-23T01:16:14.201068+00:00] admin_statistics.INFO: Pimcore\Bundle\AdminBundle\Controller\Admin\UserController::getImageAction [2,"pimcore_admin_user_getimage",[],[]] []
[2025-04-23T01:16:14.234380+00:00] admin_statistics.INFO: Pimcore\Bundle\AdminBundle\Controller\Admin\MiscController::adminCssAction [2,"pimcore_admin_misc_admincss",[],[]] []
[2025-04-23T01:16:14.340725+00:00] admin_statistics.INFO: Pimcore\Bundle\AdminBundle\Controller\Admin\MiscController::jsonTranslationsSystemAction [2,"pimcore_admin_misc_jsontranslationssystem",[],{"language":"en"}] []
[2025-04-23T01:16:14.390897+00:00] admin_statistics.INFO: Pimcore\Bundle\AdminBundle\Controller\Admin\UserController::getCurrentUserAction [2,"pimcore_admin_user_getcurrentuser",[],[]] []
[2025-04-23T01:16:14.457305+00:00] admin_statistics.INFO: Pimcore\Bundle\AdminBundle\Controller\Admin\MiscController::availableLanguagesAction [2,"pimcore_admin_misc_availablelanguages",[],[]] []
[2025-04-23T01:16:14.907151+00:00] admin_statistics.INFO: Pimcore\Bundle\AdminBundle\Controller\Admin\SettingsController::displayCustomLogoAction [2,"pimcore_settings_display_custom_logo",[],[]] []
[2025-04-23T01:16:14.925867+00:00] admin_statistics.INFO: Pimcore\Bundle\AdminBundle\Controller\Admin\Document\DocumentController::treeGetRootAction [2,"pimcore_admin_document_document_treegetroot",[],{"id":"1","view":"","elementType":"document"}] []
[2025-04-23T01:16:14.953952+00:00] admin_statistics.INFO: Pimcore\Bundle\AdminBundle\Controller\Admin\Asset\AssetController::treeGetRootAction [2,"pimcore_admin_asset_treegetroot",[],{"id":"1","view":"","elementType":"asset"}] []
[2025-04-23T01:16:14.998991+00:00] admin_statistics.INFO: Pimcore\Bundle\AdminBundle\Controller\Admin\DataObject\DataObjectController::treeGetRootAction [2,"pimcore_admin_dataobject_dataobject_treegetroot",[],{"id":"","view":"","elementType":"object"}] []
[2025-04-23T01:16:15.038490+00:00] admin_statistics.INFO: Pimcore\Bundle\AdminBundle\Controller\Admin\PortalController::dashboardListAction [2,"pimcore_admin_portal_dashboardlist",[],[]] []
[2025-04-23T01:16:15.054451+00:00] admin_statistics.INFO: Pimcore\Bundle\AdminBundle\Controller\Admin\NotificationController::findLastUnreadAction [2,"pimcore_admin_notification_findlastunread",[],{"lastUpdate":"1745370974"}] []
[2025-04-23T01:16:15.111474+00:00] admin_statistics.INFO: Pimcore\Bundle\AdminBundle\Controller\Admin\Document\DocumentController::docTypesGetAction [2,"pimcore_admin_document_document_doctypesget",[],{"xaction":"read","page":"1","start":"0","limit":"25"}] []
[2025-04-23T01:16:15.126325+00:00] admin_statistics.INFO: Pimcore\Bundle\AdminBundle\Controller\Admin\DataObject\ClassController::getTreeAction [2,"pimcore_admin_dataobject_class_gettree",[],{"page":"1","start":"0","limit":"25"}] []
[2025-04-23T01:16:15.146482+00:00] admin_statistics.INFO: Pimcore\Bundle\AdminBundle\Controller\Admin\DataObject\ClassController::getTreeAction [2,"pimcore_admin_dataobject_class_gettree",[],{"createAllowed":"true","page":"1","start":"0","limit":"25"}] []
[2025-04-23T01:16:15.185112+00:00] admin_statistics.INFO: Pimcore\Bundle\AdminBundle\Controller\Admin\SettingsController::getAvailableAdminLanguagesAction [2,"pimcore_admin_settings_getavailableadminlanguages",[],{"page":"1","start":"0","limit":"25"}] []
[2025-04-23T01:16:15.203108+00:00] admin_statistics.INFO: Pimcore\Bundle\AdminBundle\Controller\Admin\SettingsController::getAvailableSitesAction [2,"pimcore_admin_settings_getavailablesites",[],{"page":"1","start":"0","limit":"25"}] []
[2025-04-23T01:16:15.230400+00:00] admin_statistics.INFO: Pimcore\Bundle\AdminBundle\Controller\Admin\Document\DocumentController::treeGetChildrenByIdAction [2,"pimcore_admin_document_document_treegetchildrenbyid",[],{"limit":"50","view":"","page":"1","start":"0","node":"1"}] []
[2025-04-23T01:16:15.282442+00:00] admin_statistics.INFO: Pimcore\Bundle\AdminBundle\Controller\Admin\Asset\AssetController::treeGetChildrenByIdAction [2,"pimcore_admin_asset_treegetchildrenbyid",[],{"limit":"100","view":"","page":"1","start":"0","node":"1"}] []
[2025-04-23T01:16:15.306087+00:00] admin_statistics.INFO: Pimcore\Bundle\AdminBundle\Controller\Admin\DataObject\DataObjectController::treeGetChildrenByIdAction [2,"pimcore_admin_dataobject_dataobject_treegetchildrenbyid",[],{"limit":"30","view":"","page":"1","start":"0","node":"1"}] []
[2025-04-23T01:16:16.911815+00:00] admin_statistics.INFO: Pimcore\Bundle\AdminBundle\Controller\Admin\Document\PageController::getDataByIdAction [2,"pimcore_admin_document_page_getdatabyid",[],{"id":"1"}] []
[2025-04-23T01:16:17.276603+00:00] admin_statistics.INFO: Pimcore\Bundle\AdminBundle\Controller\Admin\MiscController::jsonTranslationsSystemAction [2,"pimcore_admin_misc_jsontranslationssystem",[],{"language":"en"}] []
[2025-04-23T01:16:17.604141+00:00] admin_statistics.INFO: Pimcore\Bundle\AdminBundle\Controller\Admin\Asset\AssetController::getImageThumbnailAction [2,"pimcore_admin_asset_getimagethumbnail",[],{"id":"57","alt":"","cropPercent":"false","cropWidth":"0","cropHeight":"0","cropTop":"0","cropLeft":"0","height":"undefined","pimcore_editmode":"1"}] []
[2025-04-23T01:16:17.638164+00:00] admin_statistics.INFO: Pimcore\Bundle\AdminBundle\Controller\Admin\Asset\AssetController::getImageThumbnailAction [2,"pimcore_admin_asset_getimagethumbnail",[],{"id":"64","alt":"","cropPercent":"false","cropWidth":"0","cropHeight":"0","cropTop":"0","cropLeft":"0","thumbnail":"content","height":"undefined","pimcore_editmode":"1"}] []
[2025-04-23T01:16:20.109396+00:00] admin_statistics.INFO: Pimcore\Bundle\AdminBundle\Controller\Admin\IndexController::statisticsAction [2,"pimcore_admin_index_statistics",[],[]] []
[2025-04-23T01:17:03.029714+00:00] admin_statistics.INFO: Pimcore\Bundle\AdminBundle\Controller\Admin\ElementController::unlockElementsAction [2,"pimcore_admin_element_unlockelements",[],{"csrfToken":"94d87253a79754bb45422c0621471a9758df21e5"}] []
[2025-04-23T01:17:03.048315+00:00] admin_statistics.INFO: Pimcore\Bundle\AdminBundle\Controller\Admin\IndexController::indexAction [2,"pimcore_admin_index",[],[]] []
[2025-04-23T01:17:03.169676+00:00] admin_statistics.INFO: Pimcore\Bundle\AdminBundle\Controller\Admin\MiscController::adminCssAction [2,"pimcore_admin_misc_admincss",[],[]] []
[2025-04-23T01:17:03.186507+00:00] admin_statistics.INFO: Pimcore\Bundle\AdminBundle\Controller\Admin\UserController::getImageAction [2,"pimcore_admin_user_getimage",[],[]] []
[2025-04-23T01:17:03.252637+00:00] admin_statistics.INFO: Pimcore\Bundle\AdminBundle\Controller\Admin\MiscController::jsonTranslationsSystemAction [2,"pimcore_admin_misc_jsontranslationssystem",[],{"language":"en"}] []
[2025-04-23T01:17:03.269404+00:00] admin_statistics.INFO: Pimcore\Bundle\AdminBundle\Controller\Admin\UserController::getCurrentUserAction [2,"pimcore_admin_user_getcurrentuser",[],[]] []
[2025-04-23T01:17:03.326652+00:00] admin_statistics.INFO: Pimcore\Bundle\AdminBundle\Controller\Admin\MiscController::availableLanguagesAction [2,"pimcore_admin_misc_availablelanguages",[],[]] []
[2025-04-23T01:17:03.830813+00:00] admin_statistics.INFO: Pimcore\Bundle\AdminBundle\Controller\Admin\SettingsController::displayCustomLogoAction [2,"pimcore_settings_display_custom_logo",[],[]] []
[2025-04-23T01:17:03.852810+00:00] admin_statistics.INFO: Pimcore\Bundle\AdminBundle\Controller\Admin\Document\DocumentController::treeGetRootAction [2,"pimcore_admin_document_document_treegetroot",[],{"id":"1","view":"","elementType":"document"}] []
[2025-04-23T01:17:03.914195+00:00] admin_statistics.INFO: Pimcore\Bundle\AdminBundle\Controller\Admin\Asset\AssetController::treeGetRootAction [2,"pimcore_admin_asset_treegetroot",[],{"id":"1","view":"","elementType":"asset"}] []
[2025-04-23T01:17:03.948246+00:00] admin_statistics.INFO: Pimcore\Bundle\AdminBundle\Controller\Admin\PortalController::dashboardListAction [2,"pimcore_admin_portal_dashboardlist",[],[]] []
[2025-04-23T01:17:03.999357+00:00] admin_statistics.INFO: Pimcore\Bundle\AdminBundle\Controller\Admin\DataObject\DataObjectController::treeGetRootAction [2,"pimcore_admin_dataobject_dataobject_treegetroot",[],{"id":"","view":"","elementType":"object"}] []
[2025-04-23T01:17:04.031376+00:00] admin_statistics.INFO: Pimcore\Bundle\AdminBundle\Controller\Admin\NotificationController::findLastUnreadAction [2,"pimcore_admin_notification_findlastunread",[],{"lastUpdate":"1745371023"}] []
[2025-04-23T01:17:04.054446+00:00] admin_statistics.INFO: Pimcore\Bundle\AdminBundle\Controller\Admin\Document\DocumentController::docTypesGetAction [2,"pimcore_admin_document_document_doctypesget",[],{"xaction":"read","page":"1","start":"0","limit":"25"}] []
[2025-04-23T01:17:04.109330+00:00] admin_statistics.INFO: Pimcore\Bundle\AdminBundle\Controller\Admin\DataObject\ClassController::getTreeAction [2,"pimcore_admin_dataobject_class_gettree",[],{"page":"1","start":"0","limit":"25"}] []
[2025-04-23T01:17:04.141199+00:00] admin_statistics.INFO: Pimcore\Bundle\AdminBundle\Controller\Admin\DataObject\ClassController::getTreeAction [2,"pimcore_admin_dataobject_class_gettree",[],{"createAllowed":"true","page":"1","start":"0","limit":"25"}] []
[2025-04-23T01:17:04.164159+00:00] admin_statistics.INFO: Pimcore\Bundle\AdminBundle\Controller\Admin\SettingsController::getAvailableAdminLanguagesAction [2,"pimcore_admin_settings_getavailableadminlanguages",[],{"page":"1","start":"0","limit":"25"}] []
[2025-04-23T01:17:04.201034+00:00] admin_statistics.INFO: Pimcore\Bundle\AdminBundle\Controller\Admin\SettingsController::getAvailableSitesAction [2,"pimcore_admin_settings_getavailablesites",[],{"page":"1","start":"0","limit":"25"}] []
[2025-04-23T01:17:04.226734+00:00] admin_statistics.INFO: Pimcore\Bundle\AdminBundle\Controller\Admin\Document\DocumentController::treeGetChildrenByIdAction [2,"pimcore_admin_document_document_treegetchildrenbyid",[],{"limit":"50","view":"","page":"1","start":"0","node":"1"}] []
[2025-04-23T01:17:04.274493+00:00] admin_statistics.INFO: Pimcore\Bundle\AdminBundle\Controller\Admin\Asset\AssetController::treeGetChildrenByIdAction [2,"pimcore_admin_asset_treegetchildrenbyid",[],{"limit":"100","view":"","page":"1","start":"0","node":"1"}] []
[2025-04-23T01:17:04.295668+00:00] admin_statistics.INFO: Pimcore\Bundle\AdminBundle\Controller\Admin\DataObject\DataObjectController::treeGetChildrenByIdAction [2,"pimcore_admin_dataobject_dataobject_treegetchildrenbyid",[],{"limit":"30","view":"","page":"1","start":"0","node":"1"}] []
[2025-04-23T01:17:07.027613+00:00] admin_statistics.INFO: Pimcore\Bundle\AdminBundle\Controller\Admin\Document\PageController::getDataByIdAction [2,"pimcore_admin_document_page_getdatabyid",[],{"id":"1"}] []
[2025-04-23T01:17:07.375148+00:00] admin_statistics.INFO: Pimcore\Bundle\AdminBundle\Controller\Admin\MiscController::jsonTranslationsSystemAction [2,"pimcore_admin_misc_jsontranslationssystem",[],{"language":"en"}] []
[2025-04-23T01:17:07.831194+00:00] admin_statistics.INFO: Pimcore\Bundle\AdminBundle\Controller\Admin\Asset\AssetController::getImageThumbnailAction [2,"pimcore_admin_asset_getimagethumbnail",[],{"id":"57","alt":"","cropPercent":"false","cropWidth":"0","cropHeight":"0","cropTop":"0","cropLeft":"0","height":"undefined","pimcore_editmode":"1"}] []
[2025-04-23T01:17:07.851161+00:00] admin_statistics.INFO: Pimcore\Bundle\AdminBundle\Controller\Admin\Asset\AssetController::getImageThumbnailAction [2,"pimcore_admin_asset_getimagethumbnail",[],{"id":"64","alt":"","cropPercent":"false","cropWidth":"0","cropHeight":"0","cropTop":"0","cropLeft":"0","thumbnail":"content","height":"undefined","pimcore_editmode":"1"}] []
[2025-04-23T01:17:09.270375+00:00] admin_statistics.INFO: Pimcore\Bundle\AdminBundle\Controller\Admin\IndexController::statisticsAction [2,"pimcore_admin_index_statistics",[],[]] []
[2025-04-23T01:17:17.375133+00:00] admin_statistics.INFO: Pimcore\Bundle\AdminBundle\Controller\Admin\Document\PageController::saveAction [2,"pimcore_admin_document_page_save",[],{"task":"autoSave","id":"1","data":"{\"content\":{\"data\":[{\"key\":\"3\",\"type\":\"n..."}] []
[2025-04-23T01:17:27.143334+00:00] admin_statistics.INFO: Pimcore\Bundle\AdminBundle\Controller\Admin\Document\PageController::saveAction [2,"pimcore_admin_document_page_save",[],{"task":"publish","id":"1","data":"{\"content\":{\"data\":[],\"type\":\"areablock\"..."}] []
[2025-04-23T01:17:27.431478+00:00] admin_statistics.INFO: Pimcore\Bundle\AdminBundle\Controller\Admin\ElementController::getVersionsAction [2,"pimcore_admin_element_getversions",[],{"id":"1","elementType":"document","page":"1","start":"0","limit":"25"}] []
